TN:
SF:./App/scripts/controllers/bookmarkitem.js
FN:10,(anonymous_1)
FN:36,(anonymous_2)
FN:46,(anonymous_3)
FN:50,(anonymous_4)
FN:65,(anonymous_5)
FN:71,(anonymous_6)
FN:76,(anonymous_7)
FN:99,(anonymous_8)
FN:116,(anonymous_9)
FN:123,(anonymous_10)
FN:132,(anonymous_11)
FN:139,(anonymous_12)
FN:156,(anonymous_13)
FN:166,(anonymous_14)
FN:167,(anonymous_15)
FN:170,(anonymous_16)
FN:177,(anonymous_17)
FN:188,(anonymous_18)
FN:196,(anonymous_19)
FN:201,(anonymous_20)
FN:212,(anonymous_21)
FN:221,(anonymous_22)
FN:251,(anonymous_23)
FN:262,(anonymous_24)
FN:264,(anonymous_25)
FN:267,(anonymous_26)
FN:273,(anonymous_27)
FN:279,(anonymous_28)
FNF:28
FNH:23
FNDA:20,(anonymous_1)
FNDA:0,(anonymous_2)
FNDA:1,(anonymous_3)
FNDA:1,(anonymous_4)
FNDA:0,(anonymous_5)
FNDA:0,(anonymous_6)
FNDA:3,(anonymous_7)
FNDA:5,(anonymous_8)
FNDA:2,(anonymous_9)
FNDA:3,(anonymous_10)
FNDA:5,(anonymous_11)
FNDA:2,(anonymous_12)
FNDA:4,(anonymous_13)
FNDA:5,(anonymous_14)
FNDA:2,(anonymous_15)
FNDA:1,(anonymous_16)
FNDA:2,(anonymous_17)
FNDA:1,(anonymous_18)
FNDA:4,(anonymous_19)
FNDA:5,(anonymous_20)
FNDA:2,(anonymous_21)
FNDA:1,(anonymous_22)
FNDA:2,(anonymous_23)
FNDA:1,(anonymous_24)
FNDA:0,(anonymous_25)
FNDA:0,(anonymous_26)
FNDA:1,(anonymous_27)
FNDA:1,(anonymous_28)
DA:9,1
DA:13,20
DA:14,20
DA:16,0
DA:23,20
DA:26,20
DA:27,20
DA:30,20
DA:36,20
DA:38,0
DA:39,0
DA:40,0
DA:43,0
DA:46,20
DA:47,1
DA:49,1
DA:51,1
DA:53,1
DA:55,1
DA:57,1
DA:59,1
DA:61,1
DA:63,0
DA:66,0
DA:67,0
DA:71,20
DA:72,0
DA:73,0
DA:76,20
DA:77,3
DA:79,1
DA:80,1
DA:82,1
DA:83,9
DA:84,9
DA:86,1
DA:91,1
DA:92,1
DA:93,1
DA:95,2
DA:99,20
DA:101,5
DA:102,0
DA:103,5
DA:104,5
DA:107,5
DA:108,0
DA:109,5
DA:110,5
DA:113,5
DA:116,20
DA:118,2
DA:120,2
DA:123,20
DA:125,3
DA:127,3
DA:129,3
DA:132,20
DA:133,5
DA:134,5
DA:139,20
DA:141,2
DA:142,2
DA:143,0
DA:144,0
DA:147,2
DA:148,2
DA:149,0
DA:150,0
DA:153,2
DA:156,20
DA:158,4
DA:159,1
DA:161,4
DA:162,1
DA:166,20
DA:167,5
DA:168,2
DA:170,5
DA:171,1
DA:172,1
DA:174,5
DA:177,20
DA:178,2
DA:179,2
DA:180,2
DA:181,1
DA:182,1
DA:183,1
DA:185,2
DA:188,20
DA:189,1
DA:190,1
DA:192,0
DA:196,20
DA:198,4
DA:201,20
DA:203,5
DA:204,5
DA:206,5
DA:207,15
DA:209,5
DA:212,20
DA:213,2
DA:215,2
DA:216,0
DA:218,2
DA:221,20
DA:224,1
DA:226,1
DA:227,0
DA:229,0
DA:231,0
DA:232,0
DA:233,0
DA:237,0
DA:238,0
DA:239,0
DA:240,0
DA:241,0
DA:245,1
DA:246,1
DA:248,1
DA:251,20
DA:252,2
DA:255,2
DA:256,1
DA:257,1
DA:258,1
DA:262,20
DA:263,1
DA:266,0
DA:268,0
DA:273,20
DA:276,1
DA:279,20
DA:280,1
DA:281,1
DA:282,1
DA:283,1
DA:284,1
LF:141
LH:111
BRDA:39,1,0,0
BRDA:39,1,1,0
BRDA:51,2,0,1
BRDA:51,2,1,0
BRDA:77,3,0,1
BRDA:77,3,1,2
BRDA:83,4,0,9
BRDA:83,4,1,0
BRDA:84,5,0,1
BRDA:84,5,1,8
BRDA:101,6,0,0
BRDA:101,6,1,5
BRDA:103,7,0,5
BRDA:103,7,1,0
BRDA:107,8,0,0
BRDA:107,8,1,5
BRDA:109,9,0,5
BRDA:109,9,1,0
BRDA:141,10,0,2
BRDA:141,10,1,0
BRDA:143,11,0,0
BRDA:143,11,1,0
BRDA:147,12,0,2
BRDA:147,12,1,0
BRDA:149,13,0,0
BRDA:149,13,1,0
BRDA:158,14,0,1
BRDA:158,14,1,3
BRDA:161,15,0,1
BRDA:161,15,1,3
BRDA:180,16,0,1
BRDA:180,16,1,1
BRDA:182,17,0,1
BRDA:182,17,1,0
BRDA:189,18,0,1
BRDA:189,18,1,0
BRDA:226,19,0,0
BRDA:226,19,1,1
BRDA:231,20,0,0
BRDA:231,20,1,0
BRDA:237,21,0,0
BRDA:237,21,1,0
BRDA:255,22,0,1
BRDA:255,22,1,1
BRDA:257,23,0,1
BRDA:257,23,1,0
BRF:46
BRH:24
end_of_record
TN:
SF:./App/scripts/controllers/login.js
FN:10,(anonymous_1)
FN:19,(anonymous_2)
FN:25,(anonymous_3)
FN:27,(anonymous_4)
FN:39,(anonymous_5)
FN:47,(anonymous_6)
FN:52,(anonymous_7)
FN:57,(anonymous_8)
FNF:8
FNH:2
FNDA:3,(anonymous_1)
FNDA:1,(anonymous_2)
FNDA:0,(anonymous_3)
FNDA:0,(anonymous_4)
FNDA:0,(anonymous_5)
FNDA:0,(anonymous_6)
FNDA:0,(anonymous_7)
FNDA:0,(anonymous_8)
DA:9,1
DA:13,3
DA:14,3
DA:15,3
DA:16,3
DA:17,3
DA:19,3
DA:20,1
DA:21,1
DA:25,3
DA:26,0
DA:28,0
DA:29,0
DA:30,0
DA:31,0
DA:33,0
DA:35,0
DA:37,0
DA:39,0
DA:40,0
DA:46,0
DA:47,0
DA:48,0
DA:53,0
DA:57,3
DA:59,0
DA:61,0
DA:63,0
LF:28
LH:11
BRDA:20,1,0,1
BRDA:20,1,1,0
BRDA:28,2,0,0
BRDA:28,2,1,0
BRDA:29,3,0,0
BRDA:29,3,1,0
BRDA:29,4,0,0
BRDA:29,4,1,0
BRDA:61,5,0,0
BRDA:61,5,1,0
BRDA:61,6,0,0
BRDA:61,6,1,0
BRF:12
BRH:1
end_of_record
TN:
SF:./App/scripts/controllers/main.js
FN:10,(anonymous_1)
FN:21,(anonymous_2)
FN:82,(anonymous_3)
FN:97,(anonymous_4)
FN:100,(anonymous_5)
FN:107,(anonymous_6)
FN:110,(anonymous_7)
FN:124,(anonymous_8)
FN:135,(anonymous_9)
FN:140,(anonymous_10)
FN:143,(anonymous_11)
FN:150,(anonymous_12)
FN:155,(anonymous_13)
FN:168,(anonymous_14)
FN:178,(anonymous_15)
FN:183,(anonymous_16)
FN:192,(anonymous_17)
FN:197,(anonymous_18)
FN:210,(anonymous_19)
FN:220,(anonymous_20)
FN:226,(anonymous_21)
FN:236,(anonymous_22)
FN:241,(anonymous_23)
FN:250,(anonymous_24)
FN:256,(anonymous_25)
FN:266,(anonymous_26)
FN:282,(anonymous_27)
FN:310,(anonymous_28)
FN:321,(anonymous_29)
FN:332,(anonymous_30)
FN:337,(anonymous_31)
FN:344,(anonymous_32)
FN:367,(anonymous_33)
FN:401,(anonymous_34)
FN:406,(anonymous_35)
FN:411,(anonymous_36)
FN:428,(anonymous_37)
FN:429,(anonymous_38)
FN:434,(anonymous_39)
FN:442,(anonymous_40)
FN:447,(anonymous_41)
FN:450,(anonymous_42)
FN:458,(anonymous_43)
FN:472,(anonymous_44)
FN:481,(anonymous_45)
FNF:45
FNH:0
FNDA:0,(anonymous_1)
FNDA:0,(anonymous_2)
FNDA:0,(anonymous_3)
FNDA:0,(anonymous_4)
FNDA:0,(anonymous_5)
FNDA:0,(anonymous_6)
FNDA:0,(anonymous_7)
FNDA:0,(anonymous_8)
FNDA:0,(anonymous_9)
FNDA:0,(anonymous_10)
FNDA:0,(anonymous_11)
FNDA:0,(anonymous_12)
FNDA:0,(anonymous_13)
FNDA:0,(anonymous_14)
FNDA:0,(anonymous_15)
FNDA:0,(anonymous_16)
FNDA:0,(anonymous_17)
FNDA:0,(anonymous_18)
FNDA:0,(anonymous_19)
FNDA:0,(anonymous_20)
FNDA:0,(anonymous_21)
FNDA:0,(anonymous_22)
FNDA:0,(anonymous_23)
FNDA:0,(anonymous_24)
FNDA:0,(anonymous_25)
FNDA:0,(anonymous_26)
FNDA:0,(anonymous_27)
FNDA:0,(anonymous_28)
FNDA:0,(anonymous_29)
FNDA:0,(anonymous_30)
FNDA:0,(anonymous_31)
FNDA:0,(anonymous_32)
FNDA:0,(anonymous_33)
FNDA:0,(anonymous_34)
FNDA:0,(anonymous_35)
FNDA:0,(anonymous_36)
FNDA:0,(anonymous_37)
FNDA:0,(anonymous_38)
FNDA:0,(anonymous_39)
FNDA:0,(anonymous_40)
FNDA:0,(anonymous_41)
FNDA:0,(anonymous_42)
FNDA:0,(anonymous_43)
FNDA:0,(anonymous_44)
FNDA:0,(anonymous_45)
DA:9,1
DA:15,0
DA:16,0
DA:17,0
DA:21,0
DA:22,0
DA:23,0
DA:24,0
DA:29,0
DA:38,0
DA:44,0
DA:49,0
DA:56,0
DA:82,0
DA:83,0
DA:85,0
DA:97,0
DA:99,0
DA:102,0
DA:103,0
DA:104,0
DA:107,0
DA:108,0
DA:109,0
DA:111,0
DA:113,0
DA:114,0
DA:115,0
DA:117,0
DA:118,0
DA:120,0
DA:121,0
DA:125,0
DA:128,0
DA:133,0
DA:136,0
DA:140,0
DA:142,0
DA:145,0
DA:146,0
DA:147,0
DA:150,0
DA:151,0
DA:153,0
DA:154,0
DA:156,0
DA:158,0
DA:159,0
DA:160,0
DA:162,0
DA:163,0
DA:166,0
DA:169,0
DA:172,0
DA:176,0
DA:179,0
DA:183,0
DA:185,0
DA:186,0
DA:187,0
DA:189,0
DA:190,0
DA:192,0
DA:194,0
DA:196,0
DA:198,0
DA:199,0
DA:200,0
DA:201,0
DA:202,0
DA:204,0
DA:205,0
DA:207,0
DA:208,0
DA:211,0
DA:212,0
DA:220,0
DA:223,0
DA:225,0
DA:228,0
DA:229,0
DA:230,0
DA:231,0
DA:233,0
DA:234,0
DA:236,0
DA:238,0
DA:240,0
DA:243,0
DA:244,0
DA:245,0
DA:246,0
DA:248,0
DA:251,0
DA:257,0
DA:261,0
DA:266,0
DA:267,0
DA:268,0
DA:270,0
DA:271,0
DA:274,0
DA:275,0
DA:277,0
DA:282,0
DA:283,0
DA:284,0
DA:285,0
DA:287,0
DA:288,0
DA:290,0
DA:291,0
DA:293,0
DA:294,0
DA:296,0
DA:297,0
DA:310,0
DA:313,0
DA:314,0
DA:315,0
DA:316,0
DA:317,0
DA:319,0
DA:321,0
DA:322,0
DA:324,0
DA:326,0
DA:328,0
DA:332,0
DA:333,0
DA:334,0
DA:335,0
DA:336,0
DA:338,0
DA:339,0
DA:344,0
DA:345,0
DA:348,0
DA:351,0
DA:353,0
DA:354,0
DA:355,0
DA:356,0
DA:357,0
DA:358,0
DA:362,0
DA:367,0
DA:369,0
DA:370,0
DA:371,0
DA:372,0
DA:381,0
DA:387,0
DA:390,0
DA:401,0
DA:402,0
DA:403,0
DA:406,0
DA:407,0
DA:408,0
DA:411,0
DA:413,0
DA:414,0
DA:415,0
DA:416,0
DA:417,0
DA:428,0
DA:429,0
DA:430,0
DA:433,0
DA:435,0
DA:436,0
DA:437,0
DA:438,0
DA:440,0
DA:443,0
DA:447,0
DA:448,0
DA:449,0
DA:451,0
DA:452,0
DA:453,0
DA:455,0
DA:456,0
DA:459,0
DA:460,0
DA:472,0
DA:473,0
DA:474,0
DA:475,0
DA:478,0
DA:481,0
DA:483,0
DA:486,0
DA:487,0
DA:488,0
DA:489,0
DA:490,0
DA:497,0
DA:500,0
DA:501,0
DA:513,0
DA:516,0
DA:519,0
LF:204
LH:1
BRDA:15,1,0,0
BRDA:15,1,1,0
BRDA:22,2,0,0
BRDA:22,2,1,0
BRDA:83,3,0,0
BRDA:83,3,1,0
BRDA:108,4,0,0
BRDA:108,4,1,0
BRDA:108,5,0,0
BRDA:108,5,1,0
BRDA:111,6,0,0
BRDA:111,6,1,0
BRDA:120,7,0,0
BRDA:120,7,1,0
BRDA:120,8,0,0
BRDA:120,8,1,0
BRDA:151,9,0,0
BRDA:151,9,1,0
BRDA:151,10,0,0
BRDA:151,10,1,0
BRDA:156,11,0,0
BRDA:156,11,1,0
BRDA:162,12,0,0
BRDA:162,12,1,0
BRDA:162,13,0,0
BRDA:162,13,1,0
BRDA:189,14,0,0
BRDA:189,14,1,0
BRDA:200,15,0,0
BRDA:200,15,1,0
BRDA:207,16,0,0
BRDA:207,16,1,0
BRDA:223,17,0,0
BRDA:223,17,1,0
BRDA:233,18,0,0
BRDA:233,18,1,0
BRDA:245,19,0,0
BRDA:245,19,1,0
BRDA:267,20,0,0
BRDA:267,20,1,0
BRDA:271,21,0,0
BRDA:271,21,1,0
BRDA:271,21,2,0
BRDA:284,22,0,0
BRDA:284,22,1,0
BRDA:285,23,0,0
BRDA:285,23,1,0
BRDA:285,23,2,0
BRDA:285,23,3,0
BRDA:322,24,0,0
BRDA:322,24,1,0
BRDA:326,25,0,0
BRDA:326,25,1,0
BRDA:345,26,0,0
BRDA:345,26,1,0
BRDA:348,27,0,0
BRDA:348,27,1,0
BRDA:351,28,0,0
BRDA:351,28,1,0
BRDA:353,29,0,0
BRDA:353,29,1,0
BRDA:415,30,0,0
BRDA:415,30,1,0
BRDA:435,31,0,0
BRDA:435,31,1,0
BRDA:451,32,0,0
BRDA:451,32,1,0
BRDA:473,33,0,0
BRDA:473,33,1,0
BRDA:486,34,0,0
BRDA:486,34,1,0
BRDA:488,35,0,0
BRDA:488,35,1,0
BRF:73
BRH:0
end_of_record
TN:
SF:./App/scripts/directives/ngenter.js
FN:10,(anonymous_1)
FN:11,(anonymous_2)
FN:12,(anonymous_3)
FN:14,(anonymous_4)
FNF:4
FNH:0
FNDA:0,(anonymous_1)
FNDA:0,(anonymous_2)
FNDA:0,(anonymous_3)
FNDA:0,(anonymous_4)
DA:9,1
DA:11,0
DA:12,0
DA:13,0
DA:14,0
DA:15,0
DA:18,0
LF:7
LH:1
BRDA:13,1,0,0
BRDA:13,1,1,0
BRF:2
BRH:0
end_of_record
TN:
SF:./App/scripts/directives/stopevent.js
FN:11,(anonymous_1)
FN:14,(anonymous_2)
FN:15,(anonymous_3)
FNF:3
FNH:0
FNDA:0,(anonymous_1)
FNDA:0,(anonymous_2)
FNDA:0,(anonymous_3)
DA:9,1
DA:12,0
DA:15,0
DA:16,0
LF:4
LH:1
BRF:0
BRH:0
end_of_record
TN:
SF:./App/scripts/services/modalservice.js
FN:10,Modalservice
FN:13,(anonymous_2)
FN:26,(anonymous_3)
FN:28,(anonymous_4)
FN:35,(anonymous_5)
FN:48,(anonymous_6)
FN:50,(anonymous_7)
FNF:7
FNH:2
FNDA:25,Modalservice
FNDA:0,(anonymous_2)
FNDA:0,(anonymous_3)
FNDA:0,(anonymous_4)
FNDA:1,(anonymous_5)
FNDA:0,(anonymous_6)
FNDA:0,(anonymous_7)
DA:9,1
DA:13,25
DA:15,0
DA:17,0
DA:25,0
DA:27,0
DA:29,0
DA:32,0
DA:35,25
DA:37,1
DA:39,1
DA:47,1
DA:49,0
DA:51,0
DA:54,1
LF:15
LH:7
BRDA:18,1,0,0
BRDA:18,1,1,0
BRDA:40,2,0,0
BRDA:40,2,1,1
BRF:4
BRH:1
end_of_record
TN:
SF:./App/scripts/services/pinboardservice.js
FN:10,Pinboardservice
FN:30,(anonymous_2)
FN:36,(anonymous_3)
FN:51,(anonymous_4)
FN:55,(anonymous_5)
FN:89,(anonymous_6)
FN:91,(anonymous_7)
FN:96,(anonymous_8)
FN:103,(anonymous_9)
FN:121,(anonymous_10)
FN:127,(anonymous_11)
FN:148,(anonymous_12)
FN:150,(anonymous_13)
FN:160,(anonymous_14)
FN:166,(anonymous_15)
FN:184,(anonymous_16)
FN:190,(anonymous_17)
FN:205,(anonymous_18)
FN:211,(anonymous_19)
FN:231,(anonymous_20)
FN:237,(anonymous_21)
FN:243,(anonymous_22)
FN:277,(anonymous_23)
FN:283,(anonymous_24)
FN:301,(anonymous_25)
FN:307,(anonymous_26)
FN:313,(anonymous_27)
FN:322,(anonymous_28)
FN:324,(anonymous_29)
FNF:29
FNH:1
FNDA:2,Pinboardservice
FNDA:0,(anonymous_2)
FNDA:0,(anonymous_3)
FNDA:0,(anonymous_4)
FNDA:0,(anonymous_5)
FNDA:0,(anonymous_6)
FNDA:0,(anonymous_7)
FNDA:0,(anonymous_8)
FNDA:0,(anonymous_9)
FNDA:0,(anonymous_10)
FNDA:0,(anonymous_11)
FNDA:0,(anonymous_12)
FNDA:0,(anonymous_13)
FNDA:0,(anonymous_14)
FNDA:0,(anonymous_15)
FNDA:0,(anonymous_16)
FNDA:0,(anonymous_17)
FNDA:0,(anonymous_18)
FNDA:0,(anonymous_19)
FNDA:0,(anonymous_20)
FNDA:0,(anonymous_21)
FNDA:0,(anonymous_22)
FNDA:0,(anonymous_23)
FNDA:0,(anonymous_24)
FNDA:0,(anonymous_25)
FNDA:0,(anonymous_26)
FNDA:0,(anonymous_27)
FNDA:0,(anonymous_28)
FNDA:0,(anonymous_29)
DA:9,1
DA:13,2
DA:14,2
DA:15,2
DA:16,2
DA:17,2
DA:19,2
DA:21,2
DA:22,2
DA:23,0
DA:25,2
DA:30,2
DA:32,0
DA:34,0
DA:36,0
DA:37,0
DA:39,0
DA:40,0
DA:43,0
DA:44,0
DA:48,0
DA:51,2
DA:52,0
DA:55,2
DA:56,0
DA:57,0
DA:58,0
DA:61,0
DA:63,0
DA:64,0
DA:65,0
DA:71,0
DA:72,0
DA:74,0
DA:77,0
DA:79,0
DA:81,0
DA:83,0
DA:89,2
DA:91,0
DA:92,0
DA:94,0
DA:95,0
DA:97,0
DA:103,2
DA:105,0
DA:107,0
DA:109,0
DA:111,0
DA:114,0
DA:116,0
DA:121,2
DA:123,0
DA:126,0
DA:127,0
DA:128,0
DA:130,0
DA:133,0
DA:135,0
DA:137,0
DA:138,0
DA:140,0
DA:141,0
DA:144,0
DA:148,0
DA:149,0
DA:153,0
DA:154,0
DA:157,0
DA:160,2
DA:162,0
DA:165,0
DA:166,0
DA:167,0
DA:169,0
DA:172,0
DA:175,0
DA:179,0
DA:181,0
DA:184,2
DA:186,0
DA:189,0
DA:190,0
DA:191,0
DA:193,0
DA:196,0
DA:202,0
DA:205,2
DA:207,0
DA:210,0
DA:211,0
DA:212,0
DA:214,0
DA:217,0
DA:220,0
DA:221,0
DA:225,0
DA:227,0
DA:231,2
DA:233,0
DA:234,0
DA:237,2
DA:239,0
DA:242,0
DA:243,0
DA:244,0
DA:246,0
DA:249,0
DA:250,0
DA:252,0
DA:253,0
DA:257,0
DA:258,0
DA:259,0
DA:260,0
DA:261,0
DA:262,0
DA:263,0
DA:265,0
DA:270,0
DA:272,0
DA:277,2
DA:279,0
DA:282,0
DA:283,0
DA:284,0
DA:286,0
DA:289,0
DA:292,0
DA:296,0
DA:298,0
DA:301,2
DA:307,2
DA:309,0
DA:312,0
DA:313,0
DA:314,0
DA:316,0
DA:319,0
DA:322,0
DA:323,0
DA:325,0
DA:328,0
LF:143
LH:24
BRDA:37,1,0,0
BRDA:37,1,1,0
BRDA:56,2,0,0
BRDA:56,2,1,0
BRDA:71,3,0,0
BRDA:71,3,1,0
BRDA:74,4,0,0
BRDA:74,4,1,0
BRDA:74,5,0,0
BRDA:74,5,1,0
BRDA:81,6,0,0
BRDA:81,6,1,0
BRDA:81,7,0,0
BRDA:81,7,1,0
BRDA:126,8,0,0
BRDA:126,8,1,0
BRDA:137,9,0,0
BRDA:137,9,1,0
BRDA:137,10,0,0
BRDA:137,10,1,0
BRDA:140,11,0,0
BRDA:140,11,1,0
BRDA:140,12,0,0
BRDA:140,12,1,0
BRDA:165,13,0,0
BRDA:165,13,1,0
BRDA:189,14,0,0
BRDA:189,14,1,0
BRDA:210,15,0,0
BRDA:210,15,1,0
BRDA:242,16,0,0
BRDA:242,16,1,0
BRDA:249,17,0,0
BRDA:249,17,1,0
BRDA:282,18,0,0
BRDA:282,18,1,0
BRDA:312,19,0,0
BRDA:312,19,1,0
BRF:38
BRH:0
end_of_record
TN:
SF:./App/scripts/services/usersessionservice.js
FN:10,Usersessionservice
FN:27,(anonymous_2)
FN:33,(anonymous_3)
FN:50,(anonymous_4)
FN:68,(anonymous_5)
FN:74,(anonymous_6)
FNF:6
FNH:4
FNDA:30,Usersessionservice
FNDA:1,(anonymous_2)
FNDA:1,(anonymous_3)
FNDA:2,(anonymous_4)
FNDA:0,(anonymous_5)
FNDA:0,(anonymous_6)
DA:9,1
DA:13,30
DA:14,30
DA:15,30
DA:16,30
DA:19,30
DA:22,30
DA:25,30
DA:27,30
DA:28,1
DA:30,1
DA:33,30
DA:35,1
DA:38,1
DA:39,1
DA:40,1
DA:43,1
DA:44,1
DA:47,1
DA:50,30
DA:53,2
DA:54,1
DA:57,1
DA:58,1
DA:59,1
DA:63,2
DA:65,2
DA:68,30
DA:70,0
DA:74,30
DA:76,0
DA:77,0
DA:78,0
DA:81,0
DA:84,0
DA:87,0
LF:36
LH:29
BRDA:35,1,0,0
BRDA:35,1,1,1
BRDA:35,2,0,1
BRDA:35,2,1,1
BRDA:53,3,0,1
BRDA:53,3,1,1
BRDA:53,4,0,2
BRDA:53,4,1,1
BRF:8
BRH:7
end_of_record
