TN:
SF:./App/scripts/app.js
FN:24,(anonymous_1)
FNF:1
FNH:1
FNDA:36,(anonymous_1)
DA:10,1
DA:25,36
LF:2
LH:2
BRF:0
BRH:0
end_of_record
TN:
SF:./App/scripts/controllers/bookmarkitem.js
FN:10,(anonymous_1)
FN:36,(anonymous_2)
FN:40,(anonymous_3)
FN:44,(anonymous_4)
FN:54,(anonymous_5)
FN:58,(anonymous_6)
FN:73,(anonymous_7)
FN:79,(anonymous_8)
FN:84,(anonymous_9)
FN:107,(anonymous_10)
FN:124,(anonymous_11)
FN:131,(anonymous_12)
FN:140,(anonymous_13)
FN:147,(anonymous_14)
FN:164,(anonymous_15)
FN:174,(anonymous_16)
FN:175,(anonymous_17)
FN:178,(anonymous_18)
FN:185,(anonymous_19)
FN:196,(anonymous_20)
FN:204,(anonymous_21)
FN:209,(anonymous_22)
FN:220,(anonymous_23)
FN:229,(anonymous_24)
FN:259,(anonymous_25)
FN:270,(anonymous_26)
FN:272,(anonymous_27)
FN:275,(anonymous_28)
FN:281,(anonymous_29)
FN:287,(anonymous_30)
FNF:30
FNH:20
FNDA:20,(anonymous_1)
FNDA:0,(anonymous_2)
FNDA:0,(anonymous_3)
FNDA:0,(anonymous_4)
FNDA:1,(anonymous_5)
FNDA:0,(anonymous_6)
FNDA:0,(anonymous_7)
FNDA:0,(anonymous_8)
FNDA:2,(anonymous_9)
FNDA:5,(anonymous_10)
FNDA:1,(anonymous_11)
FNDA:3,(anonymous_12)
FNDA:3,(anonymous_13)
FNDA:1,(anonymous_14)
FNDA:2,(anonymous_15)
FNDA:4,(anonymous_16)
FNDA:0,(anonymous_17)
FNDA:0,(anonymous_18)
FNDA:1,(anonymous_19)
FNDA:1,(anonymous_20)
FNDA:4,(anonymous_21)
FNDA:5,(anonymous_22)
FNDA:1,(anonymous_23)
FNDA:1,(anonymous_24)
FNDA:2,(anonymous_25)
FNDA:1,(anonymous_26)
FNDA:0,(anonymous_27)
FNDA:0,(anonymous_28)
FNDA:1,(anonymous_29)
FNDA:1,(anonymous_30)
DA:9,1
DA:13,20
DA:14,20
DA:16,0
DA:23,20
DA:26,20
DA:27,20
DA:30,20
DA:36,20
DA:40,20
DA:41,0
DA:44,20
DA:46,0
DA:47,0
DA:48,0
DA:51,0
DA:54,20
DA:55,1
DA:57,1
DA:59,0
DA:61,0
DA:63,0
DA:65,0
DA:67,0
DA:69,0
DA:71,0
DA:74,0
DA:75,0
DA:79,20
DA:80,0
DA:81,0
DA:84,20
DA:85,2
DA:87,1
DA:88,1
DA:90,1
DA:91,9
DA:92,9
DA:94,1
DA:99,1
DA:100,1
DA:101,1
DA:103,1
DA:107,20
DA:109,5
DA:110,0
DA:111,5
DA:112,5
DA:115,5
DA:116,0
DA:117,5
DA:118,5
DA:121,5
DA:124,20
DA:126,1
DA:128,1
DA:131,20
DA:133,3
DA:135,3
DA:137,3
DA:140,20
DA:141,3
DA:142,3
DA:147,20
DA:149,1
DA:150,1
DA:151,0
DA:152,0
DA:155,1
DA:156,1
DA:157,0
DA:158,0
DA:161,1
DA:164,20
DA:166,2
DA:167,0
DA:169,2
DA:170,0
DA:174,20
DA:175,4
DA:176,0
DA:178,4
DA:179,0
DA:180,0
DA:182,4
DA:185,20
DA:187,1
DA:188,1
DA:189,0
DA:190,1
DA:191,1
DA:193,1
DA:196,20
DA:197,1
DA:198,1
DA:200,0
DA:204,20
DA:206,4
DA:209,20
DA:211,5
DA:212,5
DA:214,5
DA:215,15
DA:217,5
DA:220,20
DA:221,1
DA:223,1
DA:224,0
DA:226,1
DA:229,20
DA:232,1
DA:234,1
DA:235,0
DA:237,0
DA:239,0
DA:240,0
DA:241,0
DA:245,0
DA:246,0
DA:247,0
DA:248,0
DA:249,0
DA:253,1
DA:254,1
DA:256,1
DA:259,20
DA:260,2
DA:263,2
DA:264,1
DA:265,1
DA:266,1
DA:270,20
DA:271,1
DA:274,0
DA:276,0
DA:281,20
DA:284,1
DA:287,20
DA:290,1
LF:139
LH:96
BRDA:47,1,0,0
BRDA:47,1,1,0
BRDA:59,2,0,0
BRDA:59,2,1,0
BRDA:85,3,0,1
BRDA:85,3,1,1
BRDA:91,4,0,9
BRDA:91,4,1,0
BRDA:92,5,0,1
BRDA:92,5,1,8
BRDA:109,6,0,0
BRDA:109,6,1,5
BRDA:111,7,0,5
BRDA:111,7,1,0
BRDA:115,8,0,0
BRDA:115,8,1,5
BRDA:117,9,0,5
BRDA:117,9,1,0
BRDA:149,10,0,1
BRDA:149,10,1,0
BRDA:151,11,0,0
BRDA:151,11,1,0
BRDA:155,12,0,1
BRDA:155,12,1,0
BRDA:157,13,0,0
BRDA:157,13,1,0
BRDA:166,14,0,0
BRDA:166,14,1,2
BRDA:169,15,0,0
BRDA:169,15,1,2
BRDA:188,16,0,0
BRDA:188,16,1,1
BRDA:190,17,0,1
BRDA:190,17,1,0
BRDA:197,18,0,1
BRDA:197,18,1,0
BRDA:234,19,0,0
BRDA:234,19,1,1
BRDA:239,20,0,0
BRDA:239,20,1,0
BRDA:245,21,0,0
BRDA:245,21,1,0
BRDA:263,22,0,1
BRDA:263,22,1,1
BRDA:265,23,0,1
BRDA:265,23,1,0
BRF:46
BRH:20
end_of_record
TN:
SF:./App/scripts/controllers/login.js
FN:10,(anonymous_1)
FN:19,(anonymous_2)
FN:25,(anonymous_3)
FN:27,(anonymous_4)
FN:39,(anonymous_5)
FN:47,(anonymous_6)
FN:52,(anonymous_7)
FN:57,(anonymous_8)
FNF:8
FNH:2
FNDA:3,(anonymous_1)
FNDA:1,(anonymous_2)
FNDA:0,(anonymous_3)
FNDA:0,(anonymous_4)
FNDA:0,(anonymous_5)
FNDA:0,(anonymous_6)
FNDA:0,(anonymous_7)
FNDA:0,(anonymous_8)
DA:9,1
DA:13,3
DA:14,3
DA:15,3
DA:16,3
DA:17,3
DA:19,3
DA:20,1
DA:21,1
DA:25,3
DA:26,0
DA:28,0
DA:29,0
DA:30,0
DA:31,0
DA:33,0
DA:35,0
DA:37,0
DA:39,0
DA:40,0
DA:46,0
DA:47,0
DA:48,0
DA:53,0
DA:57,3
DA:59,0
DA:61,0
DA:63,0
LF:28
LH:11
BRDA:20,1,0,1
BRDA:20,1,1,0
BRDA:28,2,0,0
BRDA:28,2,1,0
BRDA:29,3,0,0
BRDA:29,3,1,0
BRDA:29,4,0,0
BRDA:29,4,1,0
BRDA:61,5,0,0
BRDA:61,5,1,0
BRDA:61,6,0,0
BRDA:61,6,1,0
BRF:12
BRH:1
end_of_record
TN:
SF:./App/scripts/controllers/overview.js
FN:10,(anonymous_1)
FN:21,(anonymous_2)
FN:81,(anonymous_3)
FN:83,(anonymous_4)
FN:86,(anonymous_5)
FN:91,(anonymous_6)
FN:93,(anonymous_7)
FN:96,(anonymous_8)
FN:101,(anonymous_9)
FN:105,(anonymous_10)
FN:109,(anonymous_11)
FN:114,(anonymous_12)
FN:122,(anonymous_13)
FN:126,(anonymous_14)
FN:129,(anonymous_15)
FN:140,(anonymous_16)
FN:156,(anonymous_17)
FN:173,(anonymous_18)
FN:177,(anonymous_19)
FN:188,(anonymous_20)
FN:193,(anonymous_21)
FN:201,(anonymous_22)
FN:236,(anonymous_23)
FN:257,(anonymous_24)
FN:264,(anonymous_25)
FN:269,(anonymous_26)
FN:278,(anonymous_27)
FN:284,(anonymous_28)
FN:290,(anonymous_29)
FN:295,(anonymous_30)
FN:304,(anonymous_31)
FN:313,(anonymous_32)
FN:336,(anonymous_33)
FNF:33
FNH:0
FNDA:0,(anonymous_1)
FNDA:0,(anonymous_2)
FNDA:0,(anonymous_3)
FNDA:0,(anonymous_4)
FNDA:0,(anonymous_5)
FNDA:0,(anonymous_6)
FNDA:0,(anonymous_7)
FNDA:0,(anonymous_8)
FNDA:0,(anonymous_9)
FNDA:0,(anonymous_10)
FNDA:0,(anonymous_11)
FNDA:0,(anonymous_12)
FNDA:0,(anonymous_13)
FNDA:0,(anonymous_14)
FNDA:0,(anonymous_15)
FNDA:0,(anonymous_16)
FNDA:0,(anonymous_17)
FNDA:0,(anonymous_18)
FNDA:0,(anonymous_19)
FNDA:0,(anonymous_20)
FNDA:0,(anonymous_21)
FNDA:0,(anonymous_22)
FNDA:0,(anonymous_23)
FNDA:0,(anonymous_24)
FNDA:0,(anonymous_25)
FNDA:0,(anonymous_26)
FNDA:0,(anonymous_27)
FNDA:0,(anonymous_28)
FNDA:0,(anonymous_29)
FNDA:0,(anonymous_30)
FNDA:0,(anonymous_31)
FNDA:0,(anonymous_32)
FNDA:0,(anonymous_33)
DA:9,1
DA:15,0
DA:16,0
DA:17,0
DA:21,0
DA:22,0
DA:23,0
DA:24,0
DA:29,0
DA:38,0
DA:44,0
DA:51,0
DA:59,0
DA:81,0
DA:82,0
DA:85,0
DA:87,0
DA:91,0
DA:92,0
DA:95,0
DA:97,0
DA:101,0
DA:102,0
DA:105,0
DA:107,0
DA:108,0
DA:111,0
DA:113,0
DA:115,0
DA:118,0
DA:122,0
DA:124,0
DA:125,0
DA:128,0
DA:130,0
DA:133,0
DA:140,0
DA:141,0
DA:142,0
DA:144,0
DA:145,0
DA:148,0
DA:149,0
DA:151,0
DA:156,0
DA:157,0
DA:158,0
DA:160,0
DA:161,0
DA:173,0
DA:174,0
DA:177,0
DA:180,0
DA:181,0
DA:182,0
DA:183,0
DA:184,0
DA:186,0
DA:188,0
DA:189,0
DA:190,0
DA:191,0
DA:192,0
DA:194,0
DA:195,0
DA:201,0
DA:202,0
DA:205,0
DA:206,0
DA:207,0
DA:209,0
DA:213,0
DA:215,0
DA:216,0
DA:217,0
DA:218,0
DA:219,0
DA:220,0
DA:221,0
DA:224,0
DA:236,0
DA:237,0
DA:239,0
DA:240,0
DA:241,0
DA:244,0
DA:247,0
DA:250,0
DA:253,0
DA:257,0
DA:258,0
DA:260,0
DA:264,0
DA:265,0
DA:266,0
DA:269,0
DA:270,0
DA:278,0
DA:280,0
DA:281,0
DA:284,0
DA:285,0
DA:286,0
DA:290,0
DA:291,0
DA:292,0
DA:295,0
DA:297,0
DA:298,0
DA:299,0
DA:300,0
DA:301,0
DA:304,0
DA:305,0
DA:306,0
DA:307,0
DA:310,0
DA:313,0
DA:315,0
DA:318,0
DA:319,0
DA:320,0
DA:321,0
DA:322,0
DA:329,0
DA:332,0
DA:333,0
DA:336,0
DA:337,0
DA:338,0
DA:339,0
DA:352,0
DA:355,0
DA:358,0
DA:361,0
LF:135
LH:1
BRDA:15,1,0,0
BRDA:15,1,1,0
BRDA:22,2,0,0
BRDA:22,2,1,0
BRDA:107,3,0,0
BRDA:107,3,1,0
BRDA:124,4,0,0
BRDA:124,4,1,0
BRDA:141,5,0,0
BRDA:141,5,1,0
BRDA:145,6,0,0
BRDA:145,6,1,0
BRDA:145,6,2,0
BRDA:158,7,0,0
BRDA:158,7,1,0
BRDA:205,8,0,0
BRDA:205,8,1,0
BRDA:213,9,0,0
BRDA:213,9,1,0
BRDA:215,10,0,0
BRDA:215,10,1,0
BRDA:216,11,0,0
BRDA:216,11,1,0
BRDA:237,12,0,0
BRDA:237,12,1,0
BRDA:258,13,0,0
BRDA:258,13,1,0
BRDA:280,14,0,0
BRDA:280,14,1,0
BRDA:299,15,0,0
BRDA:299,15,1,0
BRDA:305,16,0,0
BRDA:305,16,1,0
BRDA:318,17,0,0
BRDA:318,17,1,0
BRDA:320,18,0,0
BRDA:320,18,1,0
BRDA:337,19,0,0
BRDA:337,19,1,0
BRF:39
BRH:0
end_of_record
TN:
SF:./App/scripts/controllers/settings.js
FN:10,(anonymous_1)
FN:19,(anonymous_2)
FNF:2
FNH:0
FNDA:0,(anonymous_1)
FNDA:0,(anonymous_2)
DA:9,1
DA:13,0
DA:14,0
DA:15,0
DA:19,0
DA:20,0
DA:21,0
DA:22,0
DA:26,0
DA:31,0
DA:34,0
DA:35,0
DA:36,0
DA:40,0
LF:14
LH:1
BRDA:13,1,0,0
BRDA:13,1,1,0
BRDA:20,2,0,0
BRDA:20,2,1,0
BRDA:34,3,0,0
BRDA:34,3,1,0
BRF:6
BRH:0
end_of_record
TN:
SF:./App/scripts/controllers/tagitem.js
FN:10,(anonymous_1)
FN:22,(anonymous_2)
FN:32,(anonymous_3)
FN:42,(anonymous_4)
FN:44,(anonymous_5)
FN:47,(anonymous_6)
FNF:6
FNH:0
FNDA:0,(anonymous_1)
FNDA:0,(anonymous_2)
FNDA:0,(anonymous_3)
FNDA:0,(anonymous_4)
FNDA:0,(anonymous_5)
FNDA:0,(anonymous_6)
DA:9,1
DA:13,0
DA:14,0
DA:16,0
DA:22,0
DA:23,0
DA:24,0
DA:25,0
DA:28,0
DA:29,0
DA:32,0
DA:33,0
DA:34,0
DA:35,0
DA:38,0
DA:39,0
DA:42,0
DA:43,0
DA:46,0
DA:48,0
LF:20
LH:1
BRF:0
BRH:0
end_of_record
TN:
SF:./App/scripts/controllers/tags.js
FN:10,(anonymous_1)
FN:20,(anonymous_2)
FN:45,(anonymous_3)
FN:71,(anonymous_4)
FN:76,(anonymous_5)
FN:83,(anonymous_6)
FNF:6
FNH:0
FNDA:0,(anonymous_1)
FNDA:0,(anonymous_2)
FNDA:0,(anonymous_3)
FNDA:0,(anonymous_4)
FNDA:0,(anonymous_5)
FNDA:0,(anonymous_6)
DA:9,1
DA:14,0
DA:15,0
DA:16,0
DA:20,0
DA:21,0
DA:22,0
DA:23,0
DA:28,0
DA:34,0
DA:40,0
DA:45,0
DA:49,0
DA:51,0
DA:57,0
DA:59,0
DA:60,0
DA:62,0
DA:63,0
DA:64,0
DA:66,0
DA:67,0
DA:71,0
DA:73,0
DA:75,0
DA:77,0
DA:78,0
DA:80,0
DA:81,0
DA:84,0
DA:98,0
DA:101,0
DA:104,0
LF:33
LH:1
BRDA:14,1,0,0
BRDA:14,1,1,0
BRDA:21,2,0,0
BRDA:21,2,1,0
BRDA:62,3,0,0
BRDA:62,3,1,0
BRDA:77,4,0,0
BRDA:77,4,1,0
BRF:8
BRH:0
end_of_record
TN:
SF:./App/scripts/controllers/tools.js
FN:10,(anonymous_1)
FN:20,(anonymous_2)
FN:37,(anonymous_3)
FN:57,(anonymous_4)
FN:67,(anonymous_5)
FN:89,(anonymous_6)
FN:94,(anonymous_7)
FN:99,(anonymous_8)
FNF:8
FNH:0
FNDA:0,(anonymous_1)
FNDA:0,(anonymous_2)
FNDA:0,(anonymous_3)
FNDA:0,(anonymous_4)
FNDA:0,(anonymous_5)
FNDA:0,(anonymous_6)
FNDA:0,(anonymous_7)
FNDA:0,(anonymous_8)
DA:9,1
DA:14,0
DA:15,0
DA:16,0
DA:20,0
DA:21,0
DA:22,0
DA:23,0
DA:27,0
DA:37,0
DA:38,0
DA:40,0
DA:41,0
DA:43,0
DA:45,0
DA:46,0
DA:47,0
DA:48,0
DA:49,0
DA:53,0
DA:57,0
DA:60,0
DA:61,0
DA:65,0
DA:67,0
DA:69,0
DA:72,0
DA:73,0
DA:74,0
DA:75,0
DA:76,0
DA:77,0
DA:78,0
DA:85,0
DA:89,0
DA:90,0
DA:94,0
DA:95,0
DA:99,0
DA:100,0
DA:108,0
DA:111,0
DA:114,0
DA:117,0
DA:118,0
DA:119,0
DA:124,0
LF:47
LH:1
BRDA:14,1,0,0
BRDA:14,1,1,0
BRDA:21,2,0,0
BRDA:21,2,1,0
BRDA:40,3,0,0
BRDA:40,3,1,0
BRDA:43,4,0,0
BRDA:43,4,1,0
BRDA:45,5,0,0
BRDA:45,5,1,0
BRDA:60,6,0,0
BRDA:60,6,1,0
BRDA:75,7,0,0
BRDA:75,7,1,0
BRDA:77,8,0,0
BRDA:77,8,1,0
BRDA:100,9,0,0
BRDA:100,9,1,0
BRDA:100,9,2,0
BRDA:100,9,3,0
BRDA:100,9,4,0
BRF:21
BRH:0
end_of_record
TN:
SF:./App/scripts/directives/ngenter.js
FN:10,(anonymous_1)
FN:11,(anonymous_2)
FN:12,(anonymous_3)
FN:14,(anonymous_4)
FNF:4
FNH:0
FNDA:0,(anonymous_1)
FNDA:0,(anonymous_2)
FNDA:0,(anonymous_3)
FNDA:0,(anonymous_4)
DA:9,1
DA:11,0
DA:12,0
DA:13,0
DA:14,0
DA:15,0
DA:18,0
LF:7
LH:1
BRDA:13,1,0,0
BRDA:13,1,1,0
BRF:2
BRH:0
end_of_record
TN:
SF:./App/scripts/directives/stopevent.js
FN:11,(anonymous_1)
FN:14,(anonymous_2)
FN:15,(anonymous_3)
FNF:3
FNH:0
FNDA:0,(anonymous_1)
FNDA:0,(anonymous_2)
FNDA:0,(anonymous_3)
DA:9,1
DA:12,0
DA:15,0
DA:16,0
LF:4
LH:1
BRF:0
BRH:0
end_of_record
TN:
SF:./App/scripts/filters/searchcollectionfilter.js
FN:11,(anonymous_1)
FN:12,(anonymous_2)
FNF:2
FNH:2
FNDA:2,(anonymous_1)
FNDA:2,(anonymous_2)
DA:9,1
DA:12,2
DA:13,2
DA:14,2
DA:16,6
DA:17,0
DA:20,2
LF:7
LH:6
BRDA:16,1,0,0
BRDA:16,1,1,6
BRF:2
BRH:1
end_of_record
TN:
SF:./App/scripts/services/bookmarkservice.js
FN:10,Bookmarkservice
FN:26,(anonymous_2)
FN:38,(anonymous_3)
FN:51,(anonymous_4)
FN:56,(anonymous_5)
FN:62,(anonymous_6)
FN:73,(anonymous_7)
FN:105,(anonymous_8)
FN:113,(anonymous_9)
FN:118,(anonymous_10)
FN:126,(anonymous_11)
FN:134,(anonymous_12)
FN:140,(anonymous_13)
FN:145,(anonymous_14)
FN:157,(anonymous_15)
FN:168,(anonymous_16)
FN:176,(anonymous_17)
FN:181,(anonymous_18)
FN:194,(anonymous_19)
FN:203,(anonymous_20)
FN:209,(anonymous_21)
FN:212,(anonymous_22)
FN:226,(anonymous_23)
FN:246,(anonymous_24)
FN:247,(anonymous_25)
FN:252,(anonymous_26)
FN:260,(anonymous_27)
FN:265,(anonymous_28)
FN:268,(anonymous_29)
FN:276,(anonymous_30)
FNF:30
FNH:3
FNDA:20,Bookmarkservice
FNDA:0,(anonymous_2)
FNDA:20,(anonymous_3)
FNDA:0,(anonymous_4)
FNDA:0,(anonymous_5)
FNDA:0,(anonymous_6)
FNDA:0,(anonymous_7)
FNDA:0,(anonymous_8)
FNDA:0,(anonymous_9)
FNDA:0,(anonymous_10)
FNDA:0,(anonymous_11)
FNDA:0,(anonymous_12)
FNDA:0,(anonymous_13)
FNDA:0,(anonymous_14)
FNDA:0,(anonymous_15)
FNDA:0,(anonymous_16)
FNDA:0,(anonymous_17)
FNDA:0,(anonymous_18)
FNDA:0,(anonymous_19)
FNDA:0,(anonymous_20)
FNDA:0,(anonymous_21)
FNDA:0,(anonymous_22)
FNDA:0,(anonymous_23)
FNDA:0,(anonymous_24)
FNDA:0,(anonymous_25)
FNDA:0,(anonymous_26)
FNDA:0,(anonymous_27)
FNDA:1,(anonymous_28)
FNDA:0,(anonymous_29)
FNDA:0,(anonymous_30)
DA:9,1
DA:18,20
DA:21,20
DA:24,20
DA:26,20
DA:27,0
DA:38,20
DA:39,20
DA:41,20
DA:43,20
DA:51,20
DA:52,0
DA:53,0
DA:56,20
DA:57,0
DA:59,0
DA:62,20
DA:63,0
DA:65,0
DA:67,0
DA:69,0
DA:73,20
DA:74,0
DA:76,0
DA:77,0
DA:78,0
DA:87,0
DA:91,0
DA:94,0
DA:105,20
DA:106,0
DA:107,0
DA:108,0
DA:110,0
DA:111,0
DA:113,0
DA:115,0
DA:117,0
DA:119,0
DA:120,0
DA:121,0
DA:122,0
DA:124,0
DA:127,0
DA:134,20
DA:135,0
DA:136,0
DA:137,0
DA:140,0
DA:141,0
DA:143,0
DA:144,0
DA:146,0
DA:147,0
DA:148,0
DA:149,0
DA:151,0
DA:152,0
DA:155,0
DA:158,0
DA:161,0
DA:165,0
DA:168,20
DA:169,0
DA:170,0
DA:171,0
DA:173,0
DA:174,0
DA:176,0
DA:178,0
DA:180,0
DA:182,0
DA:183,0
DA:184,0
DA:185,0
DA:186,0
DA:188,0
DA:189,0
DA:191,0
DA:192,0
DA:195,0
DA:196,0
DA:203,20
DA:204,0
DA:205,0
DA:206,0
DA:209,0
DA:210,0
DA:211,0
DA:213,0
DA:215,0
DA:216,0
DA:217,0
DA:219,0
DA:220,0
DA:222,0
DA:223,0
DA:227,0
DA:230,0
DA:235,0
DA:246,20
DA:247,0
DA:248,0
DA:251,0
DA:253,0
DA:254,0
DA:255,0
DA:256,0
DA:258,0
DA:261,0
DA:265,20
DA:266,1
DA:267,0
DA:269,0
DA:270,0
DA:271,0
DA:273,0
DA:274,0
DA:277,0
DA:278,0
DA:290,20
LF:121
LH:21
BRDA:63,1,0,0
BRDA:63,1,1,0
BRDA:67,2,0,0
BRDA:67,2,1,0
BRDA:67,3,0,0
BRDA:67,3,1,0
BRDA:110,4,0,0
BRDA:110,4,1,0
BRDA:121,5,0,0
BRDA:121,5,1,0
BRDA:141,6,0,0
BRDA:141,6,1,0
BRDA:141,7,0,0
BRDA:141,7,1,0
BRDA:146,8,0,0
BRDA:146,8,1,0
BRDA:151,9,0,0
BRDA:151,9,1,0
BRDA:151,10,0,0
BRDA:151,10,1,0
BRDA:173,11,0,0
BRDA:173,11,1,0
BRDA:184,12,0,0
BRDA:184,12,1,0
BRDA:191,13,0,0
BRDA:191,13,1,0
BRDA:210,14,0,0
BRDA:210,14,1,0
BRDA:210,15,0,0
BRDA:210,15,1,0
BRDA:213,16,0,0
BRDA:213,16,1,0
BRDA:222,17,0,0
BRDA:222,17,1,0
BRDA:222,18,0,0
BRDA:222,18,1,0
BRDA:253,19,0,0
BRDA:253,19,1,0
BRDA:269,20,0,0
BRDA:269,20,1,0
BRF:40
BRH:0
end_of_record
TN:
SF:./App/scripts/services/modalservice.js
FN:10,Modalservice
FN:13,(anonymous_2)
FN:26,(anonymous_3)
FN:28,(anonymous_4)
FN:35,(anonymous_5)
FN:48,(anonymous_6)
FN:50,(anonymous_7)
FNF:7
FNH:2
FNDA:25,Modalservice
FNDA:0,(anonymous_2)
FNDA:0,(anonymous_3)
FNDA:0,(anonymous_4)
FNDA:1,(anonymous_5)
FNDA:0,(anonymous_6)
FNDA:0,(anonymous_7)
DA:9,1
DA:13,25
DA:15,0
DA:17,0
DA:25,0
DA:27,0
DA:29,0
DA:32,0
DA:35,25
DA:37,1
DA:39,1
DA:47,1
DA:49,0
DA:51,0
DA:54,1
LF:15
LH:7
BRDA:18,1,0,0
BRDA:18,1,1,0
BRDA:40,2,0,0
BRDA:40,2,1,1
BRF:4
BRH:1
end_of_record
TN:
SF:./App/scripts/services/pinboardservice.js
FN:10,Pinboardservice
FN:30,(anonymous_2)
FN:36,(anonymous_3)
FN:51,(anonymous_4)
FN:55,(anonymous_5)
FN:89,(anonymous_6)
FN:91,(anonymous_7)
FN:96,(anonymous_8)
FN:103,(anonymous_9)
FN:121,(anonymous_10)
FN:127,(anonymous_11)
FN:148,(anonymous_12)
FN:150,(anonymous_13)
FN:160,(anonymous_14)
FN:166,(anonymous_15)
FN:184,(anonymous_16)
FN:190,(anonymous_17)
FN:205,(anonymous_18)
FN:211,(anonymous_19)
FN:231,(anonymous_20)
FN:237,(anonymous_21)
FN:243,(anonymous_22)
FN:277,(anonymous_23)
FN:283,(anonymous_24)
FN:301,(anonymous_25)
FN:308,(anonymous_26)
FN:314,(anonymous_27)
FN:323,(anonymous_28)
FN:325,(anonymous_29)
FNF:29
FNH:1
FNDA:22,Pinboardservice
FNDA:0,(anonymous_2)
FNDA:0,(anonymous_3)
FNDA:0,(anonymous_4)
FNDA:0,(anonymous_5)
FNDA:0,(anonymous_6)
FNDA:0,(anonymous_7)
FNDA:0,(anonymous_8)
FNDA:0,(anonymous_9)
FNDA:0,(anonymous_10)
FNDA:0,(anonymous_11)
FNDA:0,(anonymous_12)
FNDA:0,(anonymous_13)
FNDA:0,(anonymous_14)
FNDA:0,(anonymous_15)
FNDA:0,(anonymous_16)
FNDA:0,(anonymous_17)
FNDA:0,(anonymous_18)
FNDA:0,(anonymous_19)
FNDA:0,(anonymous_20)
FNDA:0,(anonymous_21)
FNDA:0,(anonymous_22)
FNDA:0,(anonymous_23)
FNDA:0,(anonymous_24)
FNDA:0,(anonymous_25)
FNDA:0,(anonymous_26)
FNDA:0,(anonymous_27)
FNDA:0,(anonymous_28)
FNDA:0,(anonymous_29)
DA:9,1
DA:13,22
DA:14,22
DA:15,22
DA:16,22
DA:17,22
DA:19,22
DA:21,22
DA:22,22
DA:23,0
DA:25,22
DA:30,22
DA:32,0
DA:34,0
DA:36,0
DA:37,0
DA:39,0
DA:40,0
DA:43,0
DA:44,0
DA:48,0
DA:51,22
DA:52,0
DA:55,22
DA:56,0
DA:57,0
DA:58,0
DA:61,0
DA:63,0
DA:64,0
DA:65,0
DA:71,0
DA:72,0
DA:74,0
DA:77,0
DA:79,0
DA:81,0
DA:83,0
DA:89,22
DA:91,0
DA:92,0
DA:94,0
DA:95,0
DA:97,0
DA:103,22
DA:105,0
DA:107,0
DA:109,0
DA:111,0
DA:114,0
DA:116,0
DA:121,22
DA:123,0
DA:126,0
DA:127,0
DA:128,0
DA:130,0
DA:133,0
DA:135,0
DA:137,0
DA:138,0
DA:140,0
DA:141,0
DA:144,0
DA:148,0
DA:149,0
DA:153,0
DA:154,0
DA:157,0
DA:160,22
DA:162,0
DA:165,0
DA:166,0
DA:167,0
DA:169,0
DA:172,0
DA:175,0
DA:179,0
DA:181,0
DA:184,22
DA:186,0
DA:189,0
DA:190,0
DA:191,0
DA:193,0
DA:196,0
DA:202,0
DA:205,22
DA:207,0
DA:210,0
DA:211,0
DA:212,0
DA:214,0
DA:217,0
DA:220,0
DA:221,0
DA:225,0
DA:227,0
DA:231,22
DA:233,0
DA:234,0
DA:237,22
DA:239,0
DA:242,0
DA:243,0
DA:244,0
DA:246,0
DA:249,0
DA:250,0
DA:252,0
DA:253,0
DA:257,0
DA:258,0
DA:259,0
DA:260,0
DA:261,0
DA:262,0
DA:263,0
DA:265,0
DA:270,0
DA:272,0
DA:277,22
DA:279,0
DA:282,0
DA:283,0
DA:284,0
DA:286,0
DA:289,0
DA:292,0
DA:296,0
DA:298,0
DA:301,22
DA:303,0
DA:308,22
DA:310,0
DA:313,0
DA:314,0
DA:315,0
DA:317,0
DA:320,0
DA:323,0
DA:324,0
DA:326,0
DA:329,0
LF:144
LH:24
BRDA:37,1,0,0
BRDA:37,1,1,0
BRDA:56,2,0,0
BRDA:56,2,1,0
BRDA:71,3,0,0
BRDA:71,3,1,0
BRDA:74,4,0,0
BRDA:74,4,1,0
BRDA:74,5,0,0
BRDA:74,5,1,0
BRDA:81,6,0,0
BRDA:81,6,1,0
BRDA:81,7,0,0
BRDA:81,7,1,0
BRDA:126,8,0,0
BRDA:126,8,1,0
BRDA:137,9,0,0
BRDA:137,9,1,0
BRDA:137,10,0,0
BRDA:137,10,1,0
BRDA:140,11,0,0
BRDA:140,11,1,0
BRDA:140,12,0,0
BRDA:140,12,1,0
BRDA:165,13,0,0
BRDA:165,13,1,0
BRDA:189,14,0,0
BRDA:189,14,1,0
BRDA:210,15,0,0
BRDA:210,15,1,0
BRDA:242,16,0,0
BRDA:242,16,1,0
BRDA:249,17,0,0
BRDA:249,17,1,0
BRDA:282,18,0,0
BRDA:282,18,1,0
BRDA:313,19,0,0
BRDA:313,19,1,0
BRF:38
BRH:0
end_of_record
TN:
SF:./App/scripts/services/usersessionservice.js
FN:10,Usersessionservice
FN:30,(anonymous_2)
FN:36,(anonymous_3)
FN:53,(anonymous_4)
FN:71,(anonymous_5)
FNF:5
FNH:4
FNDA:30,Usersessionservice
FNDA:1,(anonymous_2)
FNDA:1,(anonymous_3)
FNDA:2,(anonymous_4)
FNDA:0,(anonymous_5)
DA:9,1
DA:13,30
DA:14,30
DA:15,30
DA:16,30
DA:19,30
DA:20,30
DA:28,30
DA:30,30
DA:31,1
DA:33,1
DA:36,30
DA:38,1
DA:41,1
DA:42,1
DA:43,1
DA:46,1
DA:47,1
DA:50,1
DA:53,30
DA:56,2
DA:57,1
DA:60,1
DA:61,1
DA:62,1
DA:66,2
DA:68,2
DA:71,30
DA:73,0
DA:74,0
DA:75,0
DA:78,0
DA:81,0
DA:84,0
LF:34
LH:28
BRDA:38,1,0,0
BRDA:38,1,1,1
BRDA:38,2,0,1
BRDA:38,2,1,1
BRDA:56,3,0,1
BRDA:56,3,1,1
BRDA:56,4,0,2
BRDA:56,4,1,1
BRF:8
BRH:7
end_of_record
TN:
SF:./App/scripts/services/utilservice.js
FN:10,Utilservice
FN:13,(anonymous_2)
FN:21,(anonymous_3)
FN:25,(anonymous_4)
FN:29,(anonymous_5)
FN:34,(anonymous_6)
FNF:6
FNH:5
FNDA:36,Utilservice
FNDA:10,(anonymous_2)
FNDA:0,(anonymous_3)
FNDA:1,(anonymous_4)
FNDA:1,(anonymous_5)
FNDA:1,(anonymous_6)
DA:9,1
DA:13,36
DA:14,10
DA:15,10
DA:16,4
DA:18,10
DA:21,36
DA:22,0
DA:25,36
DA:26,1
DA:29,36
DA:30,1
DA:31,1
DA:34,36
DA:35,1
DA:36,1
LF:16
LH:15
BRDA:15,1,0,4
BRDA:15,1,1,6
BRDA:15,2,0,10
BRDA:15,2,1,9
BRDA:15,2,2,7
BRDA:15,2,3,5
BRF:6
BRH:6
end_of_record
